<?xml version="1.0" encoding="UTF-8"?>
<!-- Generated by org.testng.reporters.JUnitReportReporter -->
<testsuite skipped="0" hostname="Fedegela-2.local" name="Testing.TestEbay" tests="1" failures="0" timestamp="03 dic 2018 17:32:15 GMT" time="21.492" errors="0">
  <testcase name="findACheapCellpone" time="21.492" classname="Testing.TestEbay"/>
</testsuite> <!-- Testing.TestEbay -->
